<?xml version="1.0" encoding="UTF-8"?>
<!-- Generated by org.testng.reporters.JUnitReportReporter -->
<testsuite hostname="Imacs-iMac.local" failures="0" tests="2" name="SmartBuy" time="10.029" errors="0" timestamp="2022-11-27T13:57:50 EET" skipped="0">
  <testcase classname="SmartBuy" name="check_the_correct_price" time="1.766"/>
  <system-out/>
  <testcase classname="SmartBuy" name="Test_adding_items_SAMSUNG_50_inch" time="8.263"/>
  <system-out/>
</testsuite> <!-- SmartBuy -->
