<?xml version="1.0" encoding="UTF-8"?>
<!-- Generated by org.testng.reporters.JUnitReportReporter -->
<testsuite hostname="Imacs-iMac.local" failures="0" tests="2" name="HTML" time="8.774" errors="0" timestamp="2022-11-23T20:55:25 EET" skipped="0">
  <testcase classname="HTML" name="sort_item_low_to_high" time="3.497"/>
  <system-out/>
  <testcase classname="HTML" name="sort_item_high_to_low" time="5.277"/>
  <system-out/>
</testsuite> <!-- HTML -->
